C:\USERS\DILLONBAST\DESKTOP\UNDERWATER GAME\GAME\DEBUG\DISPLAYLIST.OBJ
C:\USERS\DILLONBAST\DESKTOP\UNDERWATER GAME\GAME\DEBUG\MATERIAL.OBJ
C:\USERS\DILLONBAST\DESKTOP\UNDERWATER GAME\GAME\DEBUG\MTLLIBRARY.OBJ
C:\USERS\DILLONBAST\DESKTOP\UNDERWATER GAME\GAME\DEBUG\MTLLIBRARYMANAGER.OBJ
C:\USERS\DILLONBAST\DESKTOP\UNDERWATER GAME\GAME\DEBUG\OBJMODEL.OBJ
C:\USERS\DILLONBAST\DESKTOP\UNDERWATER GAME\GAME\DEBUG\OBJSTRINGOPERATIONS.OBJ
C:\USERS\DILLONBAST\DESKTOP\UNDERWATER GAME\GAME\DEBUG\OBJSTRINGPARSING.OBJ
C:\USERS\DILLONBAST\DESKTOP\UNDERWATER GAME\GAME\DEBUG\SPRITEFONT.OBJ
C:\USERS\DILLONBAST\DESKTOP\UNDERWATER GAME\GAME\DEBUG\TEXTURE.OBJ
C:\USERS\DILLONBAST\DESKTOP\UNDERWATER GAME\GAME\DEBUG\TEXTUREBMP.OBJ
C:\USERS\DILLONBAST\DESKTOP\UNDERWATER GAME\GAME\DEBUG\TEXTUREMANAGER.OBJ
C:\USERS\DILLONBAST\DESKTOP\UNDERWATER GAME\GAME\DEBUG\VECTOR2.OBJ
C:\USERS\DILLONBAST\DESKTOP\UNDERWATER GAME\GAME\DEBUG\VECTOR3.OBJ
C:\USERS\DILLONBAST\DESKTOP\UNDERWATER GAME\GAME\DEBUG\SLEEP.OBJ
C:\USERS\DILLONBAST\DESKTOP\UNDERWATER GAME\GAME\DEBUG\VC110.PDB
C:\USERS\DILLONBAST\DESKTOP\UNDERWATER GAME\GAME\DEBUG\MAIN.OBJ
C:\USERS\DILLONBAST\DESKTOP\UNDERWATER GAME\GAME\DEBUG\GAME.ILK
C:\USERS\DILLONBAST\DESKTOP\UNDERWATER GAME\GAME\DEBUG\GAME.EXE
C:\USERS\DILLONBAST\DESKTOP\UNDERWATER GAME\GAME\DEBUG\GAME.PDB
C:\Users\DillonBast\Desktop\Underwater Game\GAME\Debug\DisplayList.obj
C:\Users\DillonBast\Desktop\Underwater Game\GAME\Debug\main.obj
C:\Users\DillonBast\Desktop\Underwater Game\GAME\Debug\Material.obj
C:\Users\DillonBast\Desktop\Underwater Game\GAME\Debug\MtlLibrary.obj
C:\Users\DillonBast\Desktop\Underwater Game\GAME\Debug\MtlLibraryManager.obj
C:\Users\DillonBast\Desktop\Underwater Game\GAME\Debug\ObjModel.obj
C:\Users\DillonBast\Desktop\Underwater Game\GAME\Debug\ObjStringOperations.obj
C:\Users\DillonBast\Desktop\Underwater Game\GAME\Debug\ObjStringParsing.obj
C:\Users\DillonBast\Desktop\Underwater Game\GAME\Debug\Sleep.obj
C:\Users\DillonBast\Desktop\Underwater Game\GAME\Debug\SpriteFont.obj
C:\Users\DillonBast\Desktop\Underwater Game\GAME\Debug\Texture.obj
C:\Users\DillonBast\Desktop\Underwater Game\GAME\Debug\TextureBmp.obj
C:\Users\DillonBast\Desktop\Underwater Game\GAME\Debug\TextureManager.obj
C:\Users\DillonBast\Desktop\Underwater Game\GAME\Debug\Vector2.obj
C:\Users\DillonBast\Desktop\Underwater Game\GAME\Debug\Vector3.obj
C:\Users\DillonBast\Desktop\Underwater Game\GAME\Debug\cl.command.1.tlog
C:\Users\DillonBast\Desktop\Underwater Game\GAME\Debug\CL.read.1.tlog
C:\Users\DillonBast\Desktop\Underwater Game\GAME\Debug\CL.write.1.tlog
C:\Users\DillonBast\Desktop\Underwater Game\GAME\Debug\link-cvtres.read.1.tlog
C:\Users\DillonBast\Desktop\Underwater Game\GAME\Debug\link-cvtres.write.1.tlog
C:\Users\DillonBast\Desktop\Underwater Game\GAME\Debug\link-rc.read.1.tlog
C:\Users\DillonBast\Desktop\Underwater Game\GAME\Debug\link-rc.write.1.tlog
C:\Users\DillonBast\Desktop\Underwater Game\GAME\Debug\link.1360.read.1.tlog
C:\Users\DillonBast\Desktop\Underwater Game\GAME\Debug\link.1360.write.1.tlog
C:\Users\DillonBast\Desktop\Underwater Game\GAME\Debug\link.3536-cvtres.read.1.tlog
C:\Users\DillonBast\Desktop\Underwater Game\GAME\Debug\link.3536-cvtres.write.1.tlog
C:\Users\DillonBast\Desktop\Underwater Game\GAME\Debug\link.3536-rc.read.1.tlog
C:\Users\DillonBast\Desktop\Underwater Game\GAME\Debug\link.3536-rc.write.1.tlog
C:\Users\DillonBast\Desktop\Underwater Game\GAME\Debug\link.3536.read.1.tlog
C:\Users\DillonBast\Desktop\Underwater Game\GAME\Debug\link.3536.write.1.tlog
C:\Users\DillonBast\Desktop\Underwater Game\GAME\Debug\link.3740.read.1.tlog
C:\Users\DillonBast\Desktop\Underwater Game\GAME\Debug\link.3740.write.1.tlog
C:\Users\DillonBast\Desktop\Underwater Game\GAME\Debug\link.command.1.tlog
C:\Users\DillonBast\Desktop\Underwater Game\GAME\Debug\link.read.1.tlog
C:\Users\DillonBast\Desktop\Underwater Game\GAME\Debug\link.write.1.tlog
C:\Users\DillonBast\Desktop\Underwater Game\GAME\Debug\vc110.idb
C:\Users\DillonBast\Desktop\Underwater Game\GAME\Debug\GAME.pdb
C:\Users\DillonBast\Desktop\Underwater Game\GAME\Debug\vc110.pdb
